<?xml version="1.0" encoding="UTF-8"?>
<!-- Generated by org.testng.reporters.JUnitReportReporter -->
<testsuite skipped="0" hostname="Dhruvi-HP" name="uk.co.barclays.testsuite.ContactUsTest" tests="1" failures="0" timestamp="15 Apr 2020 09:37:44 GMT" time="10.753" errors="0">
  <testcase name="verifyUserShouldNavigateToContactUsFeature" time="10.753" classname="uk.co.barclays.testsuite.ContactUsTest"/>
</testsuite> <!-- uk.co.barclays.testsuite.ContactUsTest -->
